

0  :
[^\000\t\n "'-\-/-;A-[\]_a-{}] :    20
                         [\t ] :    19
                          '\n' :    18
                           '"' :    16
                          '\'' :    17
                           '(' :     5
                           ')' :     6
                           '*' :    12
                         [+\-] :    13
                           ',' :    10
                           '/' :     2
                         [0-9] :    14
                           ':' :     9
                           ';' :    11
                     [A-Z_a-z] :    15
                           '[' :     7
                           ']' :     8
                           '{' :     3
                           '}' :     4

1  :
[^\000\t\n "'-\-/-;A-[\]_a-{}] :    20
                         [\t ] :    19
                          '\n' :    18
                           '"' :    16
                          '\'' :    17
                           '(' :     5
                           ')' :     6
                           '*' :    12
                         [+\-] :    13
                           ',' :    10
                           '/' :     2
                         [0-9] :    14
                           ':' :     9
                           ';' :    11
                     [A-Z_a-z] :    15
                           '[' :     7
                           ']' :     8
                           '{' :     3
                           '}' :     4

2* :    18
                           '*' :    21
                           '/' :    22

3* :     3    18

4* :     4    18

5* :     5    18

6* :     6    18

7* :     7    18

8* :     8    18

9* :     9    18

10* :    10    18

11* :    11    18

12* :    12    18

13* :    18
                         [0-9] :    23

14* :    13    14    18
                           '.' :    24
                         [0-9] :    23
                          [Ee] :    25

15* :    15    18
                  [0-9A-Z_a-z] :    26

16* :    18
                   [^\000\n"'] :    27
                           '"' :    28

17* :    18
                   [^\000\n"'] :    29
                          '\'' :    28

18* :    17

19* :    17    18

20* :    18

21* :     1

22  :
                             . :    22
                          '\n' :    30

23* :    13    14
                           '.' :    24
                         [0-9] :    23
                          [Ee] :    25

24  :
                         [0-9] :    31

25  :
                         [+\-] :    32
                         [0-9] :    33

26* :    15
                  [0-9A-Z_a-z] :    26

27  :
                   [^\000\n"'] :    27
                           '"' :    28

28* :    16

29  :
                   [^\000\n"'] :    29
                          '\'' :    28

30* :     2
                          '\c' :    34

31* :    14
                         [0-9] :    31
                          [Ee] :    25

32  :
                         [0-9] :    33

33* :    14
                         [0-9] :    33

34* :     2
