UnitArregloEnteros.pas
UnitArregloStrings.pas
UnitCalculoSimbolico.pas
UnitColumnaDatos.pas
UnitConfiguracion.pas
UnitConfiguracionDatos.pas
UnitConfiguracionModelo.pas
UnitConstantesProcedimiento.pas
UnitEfecto.pas
UnitEstructura.pas
UnitGrupoEfectos.pas
UnitInformacionTiempoEjecucionProcedimiento.pas
UnitMatrizValores.pas
UnitOpcion.pas
UnitParametros.pas
UnitProcedimiento.pas
UnitSubrutinasAlgebraicas.pas
UtilidadesAlgebraicas\UaComun.pas
UtilidadesAlgebraicas\UaConstantes.pas
UtilidadesAlgebraicas\UaGeneradorNumerosAleatorios.pas
UtilidadesAlgebraicas\UaMatriz.pas
UtilidadesAlgebraicas\UaMiscelanea.pas
UtilidadesAlgebraicas\UaVector.pas
ParserConfiguracion\StreamIO.pas
ParserConfiguracion\UnitParserConfiguracion.pas
