
state 0:

	$accept : _ configuracion $end

	T_DATOS	shift 3
	.	error

	configuracion	goto 1
	datos	goto 2

state 1:

	$accept : configuracion _ $end

	$end	accept
	.	error

state 2:

	configuracion : datos _ $$1 modelo $$2 procedimiento
	$$1 : _	(1)

	.	reduce 1

	$$1	goto 4

state 3:

	datos : T_DATOS _ T_LITERAL_CADENAS T_LLAVE_APERTURA definiciones_columnas lista_opciones_datos T_LLAVE_CLAUSURA T_PUNTO_Y_COMA

	T_LITERAL_CADENAS	shift 5
	.	error

state 4:

	configuracion : datos $$1 _ modelo $$2 procedimiento

	T_MODELO	shift 7
	.	error

	modelo	goto 6

state 5:

	datos : T_DATOS T_LITERAL_CADENAS _ T_LLAVE_APERTURA definiciones_columnas lista_opciones_datos T_LLAVE_CLAUSURA T_PUNTO_Y_COMA

	T_LLAVE_APERTURA	shift 8
	.	error

state 6:

	configuracion : datos $$1 modelo _ $$2 procedimiento
	$$2 : _	(2)

	.	reduce 2

	$$2	goto 9

state 7:

	modelo : T_MODELO _ T_LITERAL_CADENAS T_LLAVE_APERTURA variables_clasificacion variable_dependiente efectos_fijos efectos_aleatorios lista_opciones_modelo T_LLAVE_CLAUSURA T_PUNTO_Y_COMA

	T_LITERAL_CADENAS	shift 10
	.	error

state 8:

	datos : T_DATOS T_LITERAL_CADENAS T_LLAVE_APERTURA _ definiciones_columnas lista_opciones_datos T_LLAVE_CLAUSURA T_PUNTO_Y_COMA

	T_COLUMNA	shift 13
	.	error

	definicion_columna	goto 11
	definiciones_columnas	goto 12

state 9:

	configuracion : datos $$1 modelo $$2 _ procedimiento

	T_PROCEDIMIENTO	shift 15
	.	error

	procedimiento	goto 14

state 10:

	modelo : T_MODELO T_LITERAL_CADENAS _ T_LLAVE_APERTURA variables_clasificacion variable_dependiente efectos_fijos efectos_aleatorios lista_opciones_modelo T_LLAVE_CLAUSURA T_PUNTO_Y_COMA

	T_LLAVE_APERTURA	shift 16
	.	error

state 11:

	definiciones_columnas : definicion_columna _	(6)

	.	reduce 6

state 12:

	datos : T_DATOS T_LITERAL_CADENAS T_LLAVE_APERTURA definiciones_columnas _ lista_opciones_datos T_LLAVE_CLAUSURA T_PUNTO_Y_COMA
	definiciones_columnas : definiciones_columnas _ definicion_columna
	lista_opciones_datos : _	(63)

	T_COLUMNA	shift 13
	T_LLAVE_CLAUSURA	reduce 63
	T_OPCION	reduce 63
	.	error

	lista_opciones_datos	goto 17
	definicion_columna	goto 18

state 13:

	definicion_columna : T_COLUMNA _ T_IDENTIFICADOR T_DOS_PUNTOS definicion_columna1 T_PUNTO_Y_COMA

	T_IDENTIFICADOR	shift 19
	.	error

state 14:

	configuracion : datos $$1 modelo $$2 procedimiento _	(3)

	.	reduce 3

state 15:

	procedimiento : T_PROCEDIMIENTO _ T_LLAVE_APERTURA lista_opciones_procedimiento T_LLAVE_CLAUSURA T_PUNTO_Y_COMA

	T_LLAVE_APERTURA	shift 20
	.	error

state 16:

	modelo : T_MODELO T_LITERAL_CADENAS T_LLAVE_APERTURA _ variables_clasificacion variable_dependiente efectos_fijos efectos_aleatorios lista_opciones_modelo T_LLAVE_CLAUSURA T_PUNTO_Y_COMA

	T_VARIABLES_CLASIFICACION	shift 22
	.	error

	variables_clasificacion	goto 21

state 17:

	datos : T_DATOS T_LITERAL_CADENAS T_LLAVE_APERTURA definiciones_columnas lista_opciones_datos _ T_LLAVE_CLAUSURA T_PUNTO_Y_COMA
	lista_opciones_datos : lista_opciones_datos _ opcion_datos

	T_LLAVE_CLAUSURA	shift 24
	T_OPCION	shift 25
	.	error

	opcion_datos	goto 23

state 18:

	definiciones_columnas : definiciones_columnas definicion_columna _	(5)

	.	reduce 5

state 19:

	definicion_columna : T_COLUMNA T_IDENTIFICADOR _ T_DOS_PUNTOS definicion_columna1 T_PUNTO_Y_COMA

	T_DOS_PUNTOS	shift 26
	.	error

state 20:

	procedimiento : T_PROCEDIMIENTO T_LLAVE_APERTURA _ lista_opciones_procedimiento T_LLAVE_CLAUSURA T_PUNTO_Y_COMA
	lista_opciones_procedimiento : _	(133)

	.	reduce 133

	lista_opciones_procedimiento	goto 27

state 21:

	modelo : T_MODELO T_LITERAL_CADENAS T_LLAVE_APERTURA variables_clasificacion _ variable_dependiente efectos_fijos efectos_aleatorios lista_opciones_modelo T_LLAVE_CLAUSURA T_PUNTO_Y_COMA

	T_VARIABLE_DEPENDIENTE	shift 29
	.	error

	variable_dependiente	goto 28

state 22:

	variables_clasificacion : T_VARIABLES_CLASIFICACION _ lista_identificadores T_PUNTO_Y_COMA

	T_IDENTIFICADOR	shift 31
	.	error

	lista_identificadores	goto 30

state 23:

	lista_opciones_datos : lista_opciones_datos opcion_datos _	(64)

	.	reduce 64

state 24:

	datos : T_DATOS T_LITERAL_CADENAS T_LLAVE_APERTURA definiciones_columnas lista_opciones_datos T_LLAVE_CLAUSURA _ T_PUNTO_Y_COMA

	T_PUNTO_Y_COMA	shift 32
	.	error

state 25:

	opcion_datos : T_OPCION _ opcion_datos1 T_PUNTO_Y_COMA

	T_CANTIDAD_OBSERVACIONES	shift 34
	T_FUNCION_CARACTERISTICA	shift 35
	.	error

	opcion_datos1	goto 33

state 26:

	definicion_columna : T_COLUMNA T_IDENTIFICADOR T_DOS_PUNTOS _ definicion_columna1 T_PUNTO_Y_COMA

	T_CATEGORICOS	shift 37
	T_REALES	shift 38
	T_ENTEROS	shift 39
	.	error

	definicion_columna1	goto 36

state 27:

	procedimiento : T_PROCEDIMIENTO T_LLAVE_APERTURA lista_opciones_procedimiento _ T_LLAVE_CLAUSURA T_PUNTO_Y_COMA
	lista_opciones_procedimiento : lista_opciones_procedimiento _ opcion_procedimiento

	T_LLAVE_CLAUSURA	shift 41
	T_OPCION	shift 42
	.	error

	opcion_procedimiento	goto 40

state 28:

	modelo : T_MODELO T_LITERAL_CADENAS T_LLAVE_APERTURA variables_clasificacion variable_dependiente _ efectos_fijos efectos_aleatorios lista_opciones_modelo T_LLAVE_CLAUSURA T_PUNTO_Y_COMA

	T_EFECTOS_FIJOS	shift 44
	.	error

	efectos_fijos	goto 43

state 29:

	variable_dependiente : T_VARIABLE_DEPENDIENTE _ T_IDENTIFICADOR T_PUNTO_Y_COMA

	T_IDENTIFICADOR	shift 45
	.	error

state 30:

	variables_clasificacion : T_VARIABLES_CLASIFICACION lista_identificadores _ T_PUNTO_Y_COMA
	lista_identificadores : lista_identificadores _ T_IDENTIFICADOR

	T_PUNTO_Y_COMA	shift 46
	T_IDENTIFICADOR	shift 47
	.	error

state 31:

	lista_identificadores : T_IDENTIFICADOR _	(23)

	.	reduce 23

state 32:

	datos : T_DATOS T_LITERAL_CADENAS T_LLAVE_APERTURA definiciones_columnas lista_opciones_datos T_LLAVE_CLAUSURA T_PUNTO_Y_COMA _	(4)

	.	reduce 4

state 33:

	opcion_datos : T_OPCION opcion_datos1 _ T_PUNTO_Y_COMA

	T_PUNTO_Y_COMA	shift 48
	.	error

state 34:

	opcion_datos1 : T_CANTIDAD_OBSERVACIONES _ T_ENTERO

	T_ENTERO	shift 49
	.	error

state 35:

	opcion_datos1 : T_FUNCION_CARACTERISTICA _ expresion_booleana

	T_PARENTESIS_APERTURA	shift 54
	T_OPERADOR_NEGACION	shift 55
	T_SIMBOLO_VARIABLE_UNIFORME	shift 56
	T_SIMBOLO_VARIABLE_NORMAL	shift 57
	T_SIMBOLO_VARIABLE_EXPONENCIAL	shift 58
	T_FUNCION_1SI	shift 59
	T_ENTERO	shift 60
	T_SIMBOLO_VARIABLE	shift 61
	T_REAL	shift 62
	T_BOOLEAN	shift 63
	T_FUNCION_EXPONENCIAL	shift 64
	T_FUNCION_LOGARITMO_NATURAL	shift 65
	T_FUNCION_LOGARITMO_BASE_2	shift 66
	T_FUNCION_LOGARITMO_BASE_10	shift 67
	T_FUNCION_LOGARITMO	shift 68
	T_FUNCION_SENO	shift 69
	T_FUNCION_COSENO	shift 70
	T_FUNCION_TANGENTE	shift 71
	.	error

	numero	goto 50
	expresion_booleana	goto 51
	funcion_real	goto 52
	expresion_real	goto 53

state 36:

	definicion_columna : T_COLUMNA T_IDENTIFICADOR T_DOS_PUNTOS definicion_columna1 _ T_PUNTO_Y_COMA

	T_PUNTO_Y_COMA	shift 72
	.	error

state 37:

	definicion_columna1 : T_CATEGORICOS _ definicion_columna1categoricos

	T_CORCHETE_APERTURA	shift 75
	T_OPERADOR_MENOR_QUE	shift 76
	.	error

	arreglo_identificadores	goto 73
	definicion_columna1categoricos	goto 74

state 38:

	definicion_columna1 : T_REALES _ definicion_columna1reales

	T_PARENTESIS_APERTURA	shift 54
	T_OPERADOR_MENOR_QUE	shift 79
	T_SIMBOLO_VARIABLE_UNIFORME	shift 56
	T_SIMBOLO_VARIABLE_NORMAL	shift 57
	T_SIMBOLO_VARIABLE_EXPONENCIAL	shift 58
	T_FUNCION_1SI	shift 59
	T_ENTERO	shift 60
	T_SIMBOLO_VARIABLE	shift 61
	T_REAL	shift 62
	T_FUNCION_EXPONENCIAL	shift 64
	T_FUNCION_LOGARITMO_NATURAL	shift 65
	T_FUNCION_LOGARITMO_BASE_2	shift 66
	T_FUNCION_LOGARITMO_BASE_10	shift 67
	T_FUNCION_LOGARITMO	shift 68
	T_FUNCION_SENO	shift 69
	T_FUNCION_COSENO	shift 70
	T_FUNCION_TANGENTE	shift 71
	.	error

	numero	goto 50
	funcion_real	goto 52
	expresion_real	goto 77
	definicion_columna1reales	goto 78

state 39:

	definicion_columna1 : T_ENTEROS _ definicion_columna1enteros

	T_PARENTESIS_APERTURA	shift 54
	T_OPERADOR_MENOR_QUE	shift 82
	T_SIMBOLO_VARIABLE_UNIFORME	shift 56
	T_SIMBOLO_VARIABLE_NORMAL	shift 57
	T_SIMBOLO_VARIABLE_EXPONENCIAL	shift 58
	T_FUNCION_1SI	shift 59
	T_ENTERO	shift 60
	T_SIMBOLO_VARIABLE	shift 61
	T_REAL	shift 62
	T_FUNCION_EXPONENCIAL	shift 64
	T_FUNCION_LOGARITMO_NATURAL	shift 65
	T_FUNCION_LOGARITMO_BASE_2	shift 66
	T_FUNCION_LOGARITMO_BASE_10	shift 67
	T_FUNCION_LOGARITMO	shift 68
	T_FUNCION_SENO	shift 69
	T_FUNCION_COSENO	shift 70
	T_FUNCION_TANGENTE	shift 71
	.	error

	numero	goto 50
	funcion_real	goto 52
	expresion_real	goto 80
	definicion_columna1enteros	goto 81

state 40:

	lista_opciones_procedimiento : lista_opciones_procedimiento opcion_procedimiento _	(134)

	.	reduce 134

state 41:

	procedimiento : T_PROCEDIMIENTO T_LLAVE_APERTURA lista_opciones_procedimiento T_LLAVE_CLAUSURA _ T_PUNTO_Y_COMA

	T_PUNTO_Y_COMA	shift 83
	.	error

state 42:

	opcion_procedimiento : T_OPCION _ opcion_procedimiento1 T_PUNTO_Y_COMA

	T_CANTIDAD_EJECUCIONES	shift 85
	T_ARCHIVO_SALIDA	shift 86
	T_SEMILLA_GENERADOR_NUMEROS_ALEATORIOS	shift 87
	T_OPCIONES_PROCEDIMIENTO_AJUSTE	shift 88
	T_COMENTAR_VALORES_PARAMETROS	shift 89
	T_ARCHIVO_RESUMEN_VEROSIMILITUD	shift 90
	T_ARCHIVO_RESUMEN_BETA	shift 91
	T_ARCHIVO_RESUMEN_THETA	shift 92
	.	error

	opcion_procedimiento1	goto 84

state 43:

	modelo : T_MODELO T_LITERAL_CADENAS T_LLAVE_APERTURA variables_clasificacion variable_dependiente efectos_fijos _ efectos_aleatorios lista_opciones_modelo T_LLAVE_CLAUSURA T_PUNTO_Y_COMA
	efectos_aleatorios : _	(95)

	T_EFECTOS_ALEATORIOS	shift 94
	T_LLAVE_CLAUSURA	reduce 95
	T_OPCION	reduce 95
	.	error

	efectos_aleatorios	goto 93

state 44:

	efectos_fijos : T_EFECTOS_FIJOS _ T_LLAVE_APERTURA efectos lista_opciones_efectos_fijos T_LLAVE_CLAUSURA T_PUNTO_Y_COMA

	T_LLAVE_APERTURA	shift 95
	.	error

state 45:

	variable_dependiente : T_VARIABLE_DEPENDIENTE T_IDENTIFICADOR _ T_PUNTO_Y_COMA

	T_PUNTO_Y_COMA	shift 96
	.	error

state 46:

	variables_clasificacion : T_VARIABLES_CLASIFICACION lista_identificadores T_PUNTO_Y_COMA _	(75)

	.	reduce 75

state 47:

	lista_identificadores : lista_identificadores T_IDENTIFICADOR _	(22)

	.	reduce 22

state 48:

	opcion_datos : T_OPCION opcion_datos1 T_PUNTO_Y_COMA _	(65)

	.	reduce 65

state 49:

	opcion_datos1 : T_CANTIDAD_OBSERVACIONES T_ENTERO _	(66)

	.	reduce 66

state 50:

	expresion_real : numero _	(42)

	.	reduce 42

state 51:

	opcion_datos1 : T_FUNCION_CARACTERISTICA expresion_booleana _	(67)
	expresion_booleana : expresion_booleana _ T_OPERADOR_CONJUNCION expresion_booleana
	expresion_booleana : expresion_booleana _ T_OPERADOR_DISYUNCION expresion_booleana

	T_OPERADOR_CONJUNCION	shift 97
	T_OPERADOR_DISYUNCION	shift 98
	T_PUNTO_Y_COMA	reduce 67
	.	error

state 52:

	expresion_real : funcion_real _ T_PARENTESIS_APERTURA parametros_funcion_real T_PARENTESIS_CLAUSURA

	T_PARENTESIS_APERTURA	shift 99
	.	error

state 53:

	expresion_real : expresion_real _ T_MAS expresion_real
	expresion_real : expresion_real _ T_MENOS expresion_real
	expresion_real : expresion_real _ T_ASTERISCO expresion_real
	expresion_real : expresion_real _ T_BARRA_DERECHA expresion_real
	expresion_real : expresion_real _ T_CIRCUNFLEJO expresion_real
	expresion_booleana : expresion_real _ T_OPERADOR_MENOR_QUE expresion_real
	expresion_booleana : expresion_real _ T_OPERADOR_MENOR_IGUAL_QUE expresion_real
	expresion_booleana : expresion_real _ T_OPERADOR_IGUAL expresion_real
	expresion_booleana : expresion_real _ T_OPERADOR_DISTINTO expresion_real
	expresion_booleana : expresion_real _ T_OPERADOR_MAYOR_QUE expresion_real
	expresion_booleana : expresion_real _ T_OPERADOR_MAYOR_IGUAL_QUE expresion_real

	T_ASTERISCO	shift 102
	T_MAS	shift 103
	T_MENOS	shift 104
	T_BARRA_DERECHA	shift 105
	T_CIRCUNFLEJO	shift 106
	T_OPERADOR_MENOR_QUE	shift 107
	T_OPERADOR_IGUAL	shift 108
	T_OPERADOR_DISTINTO	shift 109
	T_OPERADOR_MAYOR_QUE	shift 110
	.	error

	T_OPERADOR_MAYOR_IGUAL_QUE	goto 100
	T_OPERADOR_MENOR_IGUAL_QUE	goto 101

state 54:

	expresion_real : T_PARENTESIS_APERTURA _ expresion_real T_PARENTESIS_CLAUSURA

	T_PARENTESIS_APERTURA	shift 54
	T_SIMBOLO_VARIABLE_UNIFORME	shift 56
	T_SIMBOLO_VARIABLE_NORMAL	shift 57
	T_SIMBOLO_VARIABLE_EXPONENCIAL	shift 58
	T_FUNCION_1SI	shift 59
	T_ENTERO	shift 60
	T_SIMBOLO_VARIABLE	shift 61
	T_REAL	shift 62
	T_FUNCION_EXPONENCIAL	shift 64
	T_FUNCION_LOGARITMO_NATURAL	shift 65
	T_FUNCION_LOGARITMO_BASE_2	shift 66
	T_FUNCION_LOGARITMO_BASE_10	shift 67
	T_FUNCION_LOGARITMO	shift 68
	T_FUNCION_SENO	shift 69
	T_FUNCION_COSENO	shift 70
	T_FUNCION_TANGENTE	shift 71
	.	error

	numero	goto 50
	funcion_real	goto 52
	expresion_real	goto 111

state 55:

	expresion_booleana : T_OPERADOR_NEGACION _ expresion_booleana

	T_PARENTESIS_APERTURA	shift 54
	T_OPERADOR_NEGACION	shift 55
	T_SIMBOLO_VARIABLE_UNIFORME	shift 56
	T_SIMBOLO_VARIABLE_NORMAL	shift 57
	T_SIMBOLO_VARIABLE_EXPONENCIAL	shift 58
	T_FUNCION_1SI	shift 59
	T_ENTERO	shift 60
	T_SIMBOLO_VARIABLE	shift 61
	T_REAL	shift 62
	T_BOOLEAN	shift 63
	T_FUNCION_EXPONENCIAL	shift 64
	T_FUNCION_LOGARITMO_NATURAL	shift 65
	T_FUNCION_LOGARITMO_BASE_2	shift 66
	T_FUNCION_LOGARITMO_BASE_10	shift 67
	T_FUNCION_LOGARITMO	shift 68
	T_FUNCION_SENO	shift 69
	T_FUNCION_COSENO	shift 70
	T_FUNCION_TANGENTE	shift 71
	.	error

	numero	goto 50
	expresion_booleana	goto 112
	funcion_real	goto 52
	expresion_real	goto 53

state 56:

	expresion_real : T_SIMBOLO_VARIABLE_UNIFORME _ T_PARENTESIS_APERTURA numero T_COMA numero T_PARENTESIS_CLAUSURA

	T_PARENTESIS_APERTURA	shift 113
	.	error

state 57:

	expresion_real : T_SIMBOLO_VARIABLE_NORMAL _ T_PARENTESIS_APERTURA numero T_COMA numero T_PARENTESIS_CLAUSURA

	T_PARENTESIS_APERTURA	shift 114
	.	error

state 58:

	expresion_real : T_SIMBOLO_VARIABLE_EXPONENCIAL _ T_PARENTESIS_APERTURA numero T_PARENTESIS_CLAUSURA

	T_PARENTESIS_APERTURA	shift 115
	.	error

state 59:

	expresion_real : T_FUNCION_1SI _ T_PARENTESIS_APERTURA expresion_booleana T_PARENTESIS_CLAUSURA

	T_PARENTESIS_APERTURA	shift 116
	.	error

state 60:

	numero : T_ENTERO _	(147)

	.	reduce 147

state 61:

	expresion_real : T_SIMBOLO_VARIABLE _	(41)

	.	reduce 41

state 62:

	numero : T_REAL _	(148)

	.	reduce 148

state 63:

	expresion_booleana : T_BOOLEAN _	(62)

	.	reduce 62

state 64:

	funcion_real : T_FUNCION_EXPONENCIAL _	(43)

	.	reduce 43

state 65:

	funcion_real : T_FUNCION_LOGARITMO_NATURAL _	(44)

	.	reduce 44

state 66:

	funcion_real : T_FUNCION_LOGARITMO_BASE_2 _	(45)

	.	reduce 45

state 67:

	funcion_real : T_FUNCION_LOGARITMO_BASE_10 _	(46)

	.	reduce 46

state 68:

	funcion_real : T_FUNCION_LOGARITMO _	(47)

	.	reduce 47

state 69:

	funcion_real : T_FUNCION_SENO _	(48)

	.	reduce 48

state 70:

	funcion_real : T_FUNCION_COSENO _	(49)

	.	reduce 49

state 71:

	funcion_real : T_FUNCION_TANGENTE _	(50)

	.	reduce 50

state 72:

	definicion_columna : T_COLUMNA T_IDENTIFICADOR T_DOS_PUNTOS definicion_columna1 T_PUNTO_Y_COMA _	(7)

	.	reduce 7

state 73:

	definicion_columna1categoricos : arreglo_identificadores _ definicion_columna1categoricos1
	definicion_columna1categoricos1 : _	(13)

	T_CORCHETE_APERTURA	shift 119
	T_PUNTO_Y_COMA	reduce 13
	.	error

	arreglo_enteros	goto 117
	definicion_columna1categoricos1	goto 118

state 74:

	definicion_columna1 : T_CATEGORICOS definicion_columna1categoricos _	(8)

	.	reduce 8

state 75:

	arreglo_identificadores : T_CORCHETE_APERTURA _ arreglo_identificadores1 T_CORCHETE_CLAUSURA

	T_IDENTIFICADOR	shift 121
	.	error

	arreglo_identificadores1	goto 120

state 76:

	definicion_columna1categoricos : T_OPERADOR_MENOR_QUE _ arreglo_identificadores1 T_OPERADOR_MAYOR_QUE

	T_IDENTIFICADOR	shift 121
	.	error

	arreglo_identificadores1	goto 122

state 77:

	definicion_columna1reales : expresion_real _	(15)
	expresion_real : expresion_real _ T_MAS expresion_real
	expresion_real : expresion_real _ T_MENOS expresion_real
	expresion_real : expresion_real _ T_ASTERISCO expresion_real
	expresion_real : expresion_real _ T_BARRA_DERECHA expresion_real
	expresion_real : expresion_real _ T_CIRCUNFLEJO expresion_real

	T_ASTERISCO	shift 102
	T_MAS	shift 103
	T_MENOS	shift 104
	T_BARRA_DERECHA	shift 105
	T_CIRCUNFLEJO	shift 106
	T_PUNTO_Y_COMA	reduce 15
	.	error

state 78:

	definicion_columna1 : T_REALES definicion_columna1reales _	(9)

	.	reduce 9

state 79:

	definicion_columna1reales : T_OPERADOR_MENOR_QUE _ arreglo_reales1 T_OPERADOR_MAYOR_QUE

	T_ENTERO	shift 60
	T_REAL	shift 62
	.	error

	numero	goto 123
	arreglo_reales1	goto 124

state 80:

	definicion_columna1enteros : expresion_real _	(17)
	expresion_real : expresion_real _ T_MAS expresion_real
	expresion_real : expresion_real _ T_MENOS expresion_real
	expresion_real : expresion_real _ T_ASTERISCO expresion_real
	expresion_real : expresion_real _ T_BARRA_DERECHA expresion_real
	expresion_real : expresion_real _ T_CIRCUNFLEJO expresion_real

	T_ASTERISCO	shift 102
	T_MAS	shift 103
	T_MENOS	shift 104
	T_BARRA_DERECHA	shift 105
	T_CIRCUNFLEJO	shift 106
	T_PUNTO_Y_COMA	reduce 17
	.	error

state 81:

	definicion_columna1 : T_ENTEROS definicion_columna1enteros _	(10)

	.	reduce 10

state 82:

	definicion_columna1enteros : T_OPERADOR_MENOR_QUE _ arreglo_enteros1 T_OPERADOR_MAYOR_QUE

	T_ENTERO	shift 126
	.	error

	arreglo_enteros1	goto 125

state 83:

	procedimiento : T_PROCEDIMIENTO T_LLAVE_APERTURA lista_opciones_procedimiento T_LLAVE_CLAUSURA T_PUNTO_Y_COMA _	(132)

	.	reduce 132

state 84:

	opcion_procedimiento : T_OPCION opcion_procedimiento1 _ T_PUNTO_Y_COMA

	T_PUNTO_Y_COMA	shift 127
	.	error

state 85:

	opcion_procedimiento1 : T_CANTIDAD_EJECUCIONES _ T_ENTERO

	T_ENTERO	shift 128
	.	error

state 86:

	opcion_procedimiento1 : T_ARCHIVO_SALIDA _ T_LITERAL_CADENAS

	T_LITERAL_CADENAS	shift 129
	.	error

state 87:

	opcion_procedimiento1 : T_SEMILLA_GENERADOR_NUMEROS_ALEATORIOS _ T_ENTERO

	T_ENTERO	shift 130
	.	error

state 88:

	opcion_procedimiento1 : T_OPCIONES_PROCEDIMIENTO_AJUSTE _ arreglo_literales_cadenas

	T_CORCHETE_APERTURA	shift 132
	.	error

	arreglo_literales_cadenas	goto 131

state 89:

	opcion_procedimiento1 : T_COMENTAR_VALORES_PARAMETROS _ T_BOOLEAN

	T_BOOLEAN	shift 133
	.	error

state 90:

	opcion_procedimiento1 : T_ARCHIVO_RESUMEN_VEROSIMILITUD _ T_LITERAL_CADENAS

	T_LITERAL_CADENAS	shift 134
	.	error

state 91:

	opcion_procedimiento1 : T_ARCHIVO_RESUMEN_BETA _ T_LITERAL_CADENAS

	T_LITERAL_CADENAS	shift 135
	.	error

state 92:

	opcion_procedimiento1 : T_ARCHIVO_RESUMEN_THETA _ T_LITERAL_CADENAS

	T_LITERAL_CADENAS	shift 136
	.	error

state 93:

	modelo : T_MODELO T_LITERAL_CADENAS T_LLAVE_APERTURA variables_clasificacion variable_dependiente efectos_fijos efectos_aleatorios _ lista_opciones_modelo T_LLAVE_CLAUSURA T_PUNTO_Y_COMA
	lista_opciones_modelo : _	(69)

	.	reduce 69

	lista_opciones_modelo	goto 137

state 94:

	efectos_aleatorios : T_EFECTOS_ALEATORIOS _ T_LLAVE_APERTURA lista_grupos_efectos_aleatorios efectos lista_opciones_efectos_aleatorios error1 T_LLAVE_CLAUSURA T_PUNTO_Y_COMA

	T_LLAVE_APERTURA	shift 138
	.	error

state 95:

	efectos_fijos : T_EFECTOS_FIJOS T_LLAVE_APERTURA _ efectos lista_opciones_efectos_fijos T_LLAVE_CLAUSURA T_PUNTO_Y_COMA
	efectos : _	(78)

	T_EFECTOS	shift 140
	T_LLAVE_CLAUSURA	reduce 78
	T_OPCION	reduce 78
	.	error

	efectos	goto 139

state 96:

	variable_dependiente : T_VARIABLE_DEPENDIENTE T_IDENTIFICADOR T_PUNTO_Y_COMA _	(76)

	.	reduce 76

state 97:

	expresion_booleana : expresion_booleana T_OPERADOR_CONJUNCION _ expresion_booleana

	T_PARENTESIS_APERTURA	shift 54
	T_OPERADOR_NEGACION	shift 55
	T_SIMBOLO_VARIABLE_UNIFORME	shift 56
	T_SIMBOLO_VARIABLE_NORMAL	shift 57
	T_SIMBOLO_VARIABLE_EXPONENCIAL	shift 58
	T_FUNCION_1SI	shift 59
	T_ENTERO	shift 60
	T_SIMBOLO_VARIABLE	shift 61
	T_REAL	shift 62
	T_BOOLEAN	shift 63
	T_FUNCION_EXPONENCIAL	shift 64
	T_FUNCION_LOGARITMO_NATURAL	shift 65
	T_FUNCION_LOGARITMO_BASE_2	shift 66
	T_FUNCION_LOGARITMO_BASE_10	shift 67
	T_FUNCION_LOGARITMO	shift 68
	T_FUNCION_SENO	shift 69
	T_FUNCION_COSENO	shift 70
	T_FUNCION_TANGENTE	shift 71
	.	error

	numero	goto 50
	expresion_booleana	goto 141
	funcion_real	goto 52
	expresion_real	goto 53

state 98:

	expresion_booleana : expresion_booleana T_OPERADOR_DISYUNCION _ expresion_booleana

	T_PARENTESIS_APERTURA	shift 54
	T_OPERADOR_NEGACION	shift 55
	T_SIMBOLO_VARIABLE_UNIFORME	shift 56
	T_SIMBOLO_VARIABLE_NORMAL	shift 57
	T_SIMBOLO_VARIABLE_EXPONENCIAL	shift 58
	T_FUNCION_1SI	shift 59
	T_ENTERO	shift 60
	T_SIMBOLO_VARIABLE	shift 61
	T_REAL	shift 62
	T_BOOLEAN	shift 63
	T_FUNCION_EXPONENCIAL	shift 64
	T_FUNCION_LOGARITMO_NATURAL	shift 65
	T_FUNCION_LOGARITMO_BASE_2	shift 66
	T_FUNCION_LOGARITMO_BASE_10	shift 67
	T_FUNCION_LOGARITMO	shift 68
	T_FUNCION_SENO	shift 69
	T_FUNCION_COSENO	shift 70
	T_FUNCION_TANGENTE	shift 71
	.	error

	numero	goto 50
	expresion_booleana	goto 142
	funcion_real	goto 52
	expresion_real	goto 53

state 99:

	expresion_real : funcion_real T_PARENTESIS_APERTURA _ parametros_funcion_real T_PARENTESIS_CLAUSURA

	T_PARENTESIS_APERTURA	shift 54
	T_SIMBOLO_VARIABLE_UNIFORME	shift 56
	T_SIMBOLO_VARIABLE_NORMAL	shift 57
	T_SIMBOLO_VARIABLE_EXPONENCIAL	shift 58
	T_FUNCION_1SI	shift 59
	T_ENTERO	shift 60
	T_SIMBOLO_VARIABLE	shift 61
	T_REAL	shift 62
	T_FUNCION_EXPONENCIAL	shift 64
	T_FUNCION_LOGARITMO_NATURAL	shift 65
	T_FUNCION_LOGARITMO_BASE_2	shift 66
	T_FUNCION_LOGARITMO_BASE_10	shift 67
	T_FUNCION_LOGARITMO	shift 68
	T_FUNCION_SENO	shift 69
	T_FUNCION_COSENO	shift 70
	T_FUNCION_TANGENTE	shift 71
	.	error

	numero	goto 50
	parametros_funcion_real	goto 143
	funcion_real	goto 52
	expresion_real	goto 144

state 100:

	expresion_booleana : expresion_real T_OPERADOR_MAYOR_IGUAL_QUE _ expresion_real

	T_PARENTESIS_APERTURA	shift 54
	T_SIMBOLO_VARIABLE_UNIFORME	shift 56
	T_SIMBOLO_VARIABLE_NORMAL	shift 57
	T_SIMBOLO_VARIABLE_EXPONENCIAL	shift 58
	T_FUNCION_1SI	shift 59
	T_ENTERO	shift 60
	T_SIMBOLO_VARIABLE	shift 61
	T_REAL	shift 62
	T_FUNCION_EXPONENCIAL	shift 64
	T_FUNCION_LOGARITMO_NATURAL	shift 65
	T_FUNCION_LOGARITMO_BASE_2	shift 66
	T_FUNCION_LOGARITMO_BASE_10	shift 67
	T_FUNCION_LOGARITMO	shift 68
	T_FUNCION_SENO	shift 69
	T_FUNCION_COSENO	shift 70
	T_FUNCION_TANGENTE	shift 71
	.	error

	numero	goto 50
	funcion_real	goto 52
	expresion_real	goto 145

state 101:

	expresion_booleana : expresion_real T_OPERADOR_MENOR_IGUAL_QUE _ expresion_real

	T_PARENTESIS_APERTURA	shift 54
	T_SIMBOLO_VARIABLE_UNIFORME	shift 56
	T_SIMBOLO_VARIABLE_NORMAL	shift 57
	T_SIMBOLO_VARIABLE_EXPONENCIAL	shift 58
	T_FUNCION_1SI	shift 59
	T_ENTERO	shift 60
	T_SIMBOLO_VARIABLE	shift 61
	T_REAL	shift 62
	T_FUNCION_EXPONENCIAL	shift 64
	T_FUNCION_LOGARITMO_NATURAL	shift 65
	T_FUNCION_LOGARITMO_BASE_2	shift 66
	T_FUNCION_LOGARITMO_BASE_10	shift 67
	T_FUNCION_LOGARITMO	shift 68
	T_FUNCION_SENO	shift 69
	T_FUNCION_COSENO	shift 70
	T_FUNCION_TANGENTE	shift 71
	.	error

	numero	goto 50
	funcion_real	goto 52
	expresion_real	goto 146

state 102:

	expresion_real : expresion_real T_ASTERISCO _ expresion_real

	T_PARENTESIS_APERTURA	shift 54
	T_SIMBOLO_VARIABLE_UNIFORME	shift 56
	T_SIMBOLO_VARIABLE_NORMAL	shift 57
	T_SIMBOLO_VARIABLE_EXPONENCIAL	shift 58
	T_FUNCION_1SI	shift 59
	T_ENTERO	shift 60
	T_SIMBOLO_VARIABLE	shift 61
	T_REAL	shift 62
	T_FUNCION_EXPONENCIAL	shift 64
	T_FUNCION_LOGARITMO_NATURAL	shift 65
	T_FUNCION_LOGARITMO_BASE_2	shift 66
	T_FUNCION_LOGARITMO_BASE_10	shift 67
	T_FUNCION_LOGARITMO	shift 68
	T_FUNCION_SENO	shift 69
	T_FUNCION_COSENO	shift 70
	T_FUNCION_TANGENTE	shift 71
	.	error

	numero	goto 50
	funcion_real	goto 52
	expresion_real	goto 147

state 103:

	expresion_real : expresion_real T_MAS _ expresion_real

	T_PARENTESIS_APERTURA	shift 54
	T_SIMBOLO_VARIABLE_UNIFORME	shift 56
	T_SIMBOLO_VARIABLE_NORMAL	shift 57
	T_SIMBOLO_VARIABLE_EXPONENCIAL	shift 58
	T_FUNCION_1SI	shift 59
	T_ENTERO	shift 60
	T_SIMBOLO_VARIABLE	shift 61
	T_REAL	shift 62
	T_FUNCION_EXPONENCIAL	shift 64
	T_FUNCION_LOGARITMO_NATURAL	shift 65
	T_FUNCION_LOGARITMO_BASE_2	shift 66
	T_FUNCION_LOGARITMO_BASE_10	shift 67
	T_FUNCION_LOGARITMO	shift 68
	T_FUNCION_SENO	shift 69
	T_FUNCION_COSENO	shift 70
	T_FUNCION_TANGENTE	shift 71
	.	error

	numero	goto 50
	funcion_real	goto 52
	expresion_real	goto 148

state 104:

	expresion_real : expresion_real T_MENOS _ expresion_real

	T_PARENTESIS_APERTURA	shift 54
	T_SIMBOLO_VARIABLE_UNIFORME	shift 56
	T_SIMBOLO_VARIABLE_NORMAL	shift 57
	T_SIMBOLO_VARIABLE_EXPONENCIAL	shift 58
	T_FUNCION_1SI	shift 59
	T_ENTERO	shift 60
	T_SIMBOLO_VARIABLE	shift 61
	T_REAL	shift 62
	T_FUNCION_EXPONENCIAL	shift 64
	T_FUNCION_LOGARITMO_NATURAL	shift 65
	T_FUNCION_LOGARITMO_BASE_2	shift 66
	T_FUNCION_LOGARITMO_BASE_10	shift 67
	T_FUNCION_LOGARITMO	shift 68
	T_FUNCION_SENO	shift 69
	T_FUNCION_COSENO	shift 70
	T_FUNCION_TANGENTE	shift 71
	.	error

	numero	goto 50
	funcion_real	goto 52
	expresion_real	goto 149

state 105:

	expresion_real : expresion_real T_BARRA_DERECHA _ expresion_real

	T_PARENTESIS_APERTURA	shift 54
	T_SIMBOLO_VARIABLE_UNIFORME	shift 56
	T_SIMBOLO_VARIABLE_NORMAL	shift 57
	T_SIMBOLO_VARIABLE_EXPONENCIAL	shift 58
	T_FUNCION_1SI	shift 59
	T_ENTERO	shift 60
	T_SIMBOLO_VARIABLE	shift 61
	T_REAL	shift 62
	T_FUNCION_EXPONENCIAL	shift 64
	T_FUNCION_LOGARITMO_NATURAL	shift 65
	T_FUNCION_LOGARITMO_BASE_2	shift 66
	T_FUNCION_LOGARITMO_BASE_10	shift 67
	T_FUNCION_LOGARITMO	shift 68
	T_FUNCION_SENO	shift 69
	T_FUNCION_COSENO	shift 70
	T_FUNCION_TANGENTE	shift 71
	.	error

	numero	goto 50
	funcion_real	goto 52
	expresion_real	goto 150

state 106:

	expresion_real : expresion_real T_CIRCUNFLEJO _ expresion_real

	T_PARENTESIS_APERTURA	shift 54
	T_SIMBOLO_VARIABLE_UNIFORME	shift 56
	T_SIMBOLO_VARIABLE_NORMAL	shift 57
	T_SIMBOLO_VARIABLE_EXPONENCIAL	shift 58
	T_FUNCION_1SI	shift 59
	T_ENTERO	shift 60
	T_SIMBOLO_VARIABLE	shift 61
	T_REAL	shift 62
	T_FUNCION_EXPONENCIAL	shift 64
	T_FUNCION_LOGARITMO_NATURAL	shift 65
	T_FUNCION_LOGARITMO_BASE_2	shift 66
	T_FUNCION_LOGARITMO_BASE_10	shift 67
	T_FUNCION_LOGARITMO	shift 68
	T_FUNCION_SENO	shift 69
	T_FUNCION_COSENO	shift 70
	T_FUNCION_TANGENTE	shift 71
	.	error

	numero	goto 50
	funcion_real	goto 52
	expresion_real	goto 151

state 107:

	expresion_booleana : expresion_real T_OPERADOR_MENOR_QUE _ expresion_real

	T_PARENTESIS_APERTURA	shift 54
	T_SIMBOLO_VARIABLE_UNIFORME	shift 56
	T_SIMBOLO_VARIABLE_NORMAL	shift 57
	T_SIMBOLO_VARIABLE_EXPONENCIAL	shift 58
	T_FUNCION_1SI	shift 59
	T_ENTERO	shift 60
	T_SIMBOLO_VARIABLE	shift 61
	T_REAL	shift 62
	T_FUNCION_EXPONENCIAL	shift 64
	T_FUNCION_LOGARITMO_NATURAL	shift 65
	T_FUNCION_LOGARITMO_BASE_2	shift 66
	T_FUNCION_LOGARITMO_BASE_10	shift 67
	T_FUNCION_LOGARITMO	shift 68
	T_FUNCION_SENO	shift 69
	T_FUNCION_COSENO	shift 70
	T_FUNCION_TANGENTE	shift 71
	.	error

	numero	goto 50
	funcion_real	goto 52
	expresion_real	goto 152

state 108:

	expresion_booleana : expresion_real T_OPERADOR_IGUAL _ expresion_real

	T_PARENTESIS_APERTURA	shift 54
	T_SIMBOLO_VARIABLE_UNIFORME	shift 56
	T_SIMBOLO_VARIABLE_NORMAL	shift 57
	T_SIMBOLO_VARIABLE_EXPONENCIAL	shift 58
	T_FUNCION_1SI	shift 59
	T_ENTERO	shift 60
	T_SIMBOLO_VARIABLE	shift 61
	T_REAL	shift 62
	T_FUNCION_EXPONENCIAL	shift 64
	T_FUNCION_LOGARITMO_NATURAL	shift 65
	T_FUNCION_LOGARITMO_BASE_2	shift 66
	T_FUNCION_LOGARITMO_BASE_10	shift 67
	T_FUNCION_LOGARITMO	shift 68
	T_FUNCION_SENO	shift 69
	T_FUNCION_COSENO	shift 70
	T_FUNCION_TANGENTE	shift 71
	.	error

	numero	goto 50
	funcion_real	goto 52
	expresion_real	goto 153

state 109:

	expresion_booleana : expresion_real T_OPERADOR_DISTINTO _ expresion_real

	T_PARENTESIS_APERTURA	shift 54
	T_SIMBOLO_VARIABLE_UNIFORME	shift 56
	T_SIMBOLO_VARIABLE_NORMAL	shift 57
	T_SIMBOLO_VARIABLE_EXPONENCIAL	shift 58
	T_FUNCION_1SI	shift 59
	T_ENTERO	shift 60
	T_SIMBOLO_VARIABLE	shift 61
	T_REAL	shift 62
	T_FUNCION_EXPONENCIAL	shift 64
	T_FUNCION_LOGARITMO_NATURAL	shift 65
	T_FUNCION_LOGARITMO_BASE_2	shift 66
	T_FUNCION_LOGARITMO_BASE_10	shift 67
	T_FUNCION_LOGARITMO	shift 68
	T_FUNCION_SENO	shift 69
	T_FUNCION_COSENO	shift 70
	T_FUNCION_TANGENTE	shift 71
	.	error

	numero	goto 50
	funcion_real	goto 52
	expresion_real	goto 154

state 110:

	expresion_booleana : expresion_real T_OPERADOR_MAYOR_QUE _ expresion_real

	T_PARENTESIS_APERTURA	shift 54
	T_SIMBOLO_VARIABLE_UNIFORME	shift 56
	T_SIMBOLO_VARIABLE_NORMAL	shift 57
	T_SIMBOLO_VARIABLE_EXPONENCIAL	shift 58
	T_FUNCION_1SI	shift 59
	T_ENTERO	shift 60
	T_SIMBOLO_VARIABLE	shift 61
	T_REAL	shift 62
	T_FUNCION_EXPONENCIAL	shift 64
	T_FUNCION_LOGARITMO_NATURAL	shift 65
	T_FUNCION_LOGARITMO_BASE_2	shift 66
	T_FUNCION_LOGARITMO_BASE_10	shift 67
	T_FUNCION_LOGARITMO	shift 68
	T_FUNCION_SENO	shift 69
	T_FUNCION_COSENO	shift 70
	T_FUNCION_TANGENTE	shift 71
	.	error

	numero	goto 50
	funcion_real	goto 52
	expresion_real	goto 155

state 111:

	expresion_real : T_PARENTESIS_APERTURA expresion_real _ T_PARENTESIS_CLAUSURA
	expresion_real : expresion_real _ T_MAS expresion_real
	expresion_real : expresion_real _ T_MENOS expresion_real
	expresion_real : expresion_real _ T_ASTERISCO expresion_real
	expresion_real : expresion_real _ T_BARRA_DERECHA expresion_real
	expresion_real : expresion_real _ T_CIRCUNFLEJO expresion_real

	T_PARENTESIS_CLAUSURA	shift 156
	T_ASTERISCO	shift 102
	T_MAS	shift 103
	T_MENOS	shift 104
	T_BARRA_DERECHA	shift 105
	T_CIRCUNFLEJO	shift 106
	.	error

state 112:

	expresion_booleana : T_OPERADOR_NEGACION expresion_booleana _	(53)
	expresion_booleana : expresion_booleana _ T_OPERADOR_CONJUNCION expresion_booleana
	expresion_booleana : expresion_booleana _ T_OPERADOR_DISYUNCION expresion_booleana

	.	reduce 53

state 113:

	expresion_real : T_SIMBOLO_VARIABLE_UNIFORME T_PARENTESIS_APERTURA _ numero T_COMA numero T_PARENTESIS_CLAUSURA

	T_ENTERO	shift 60
	T_REAL	shift 62
	.	error

	numero	goto 157

state 114:

	expresion_real : T_SIMBOLO_VARIABLE_NORMAL T_PARENTESIS_APERTURA _ numero T_COMA numero T_PARENTESIS_CLAUSURA

	T_ENTERO	shift 60
	T_REAL	shift 62
	.	error

	numero	goto 158

state 115:

	expresion_real : T_SIMBOLO_VARIABLE_EXPONENCIAL T_PARENTESIS_APERTURA _ numero T_PARENTESIS_CLAUSURA

	T_ENTERO	shift 60
	T_REAL	shift 62
	.	error

	numero	goto 159

state 116:

	expresion_real : T_FUNCION_1SI T_PARENTESIS_APERTURA _ expresion_booleana T_PARENTESIS_CLAUSURA

	T_PARENTESIS_APERTURA	shift 54
	T_OPERADOR_NEGACION	shift 55
	T_SIMBOLO_VARIABLE_UNIFORME	shift 56
	T_SIMBOLO_VARIABLE_NORMAL	shift 57
	T_SIMBOLO_VARIABLE_EXPONENCIAL	shift 58
	T_FUNCION_1SI	shift 59
	T_ENTERO	shift 60
	T_SIMBOLO_VARIABLE	shift 61
	T_REAL	shift 62
	T_BOOLEAN	shift 63
	T_FUNCION_EXPONENCIAL	shift 64
	T_FUNCION_LOGARITMO_NATURAL	shift 65
	T_FUNCION_LOGARITMO_BASE_2	shift 66
	T_FUNCION_LOGARITMO_BASE_10	shift 67
	T_FUNCION_LOGARITMO	shift 68
	T_FUNCION_SENO	shift 69
	T_FUNCION_COSENO	shift 70
	T_FUNCION_TANGENTE	shift 71
	.	error

	numero	goto 50
	expresion_booleana	goto 160
	funcion_real	goto 52
	expresion_real	goto 53

state 117:

	definicion_columna1categoricos1 : arreglo_enteros _	(14)

	.	reduce 14

state 118:

	definicion_columna1categoricos : arreglo_identificadores definicion_columna1categoricos1 _	(11)

	.	reduce 11

state 119:

	arreglo_enteros : T_CORCHETE_APERTURA _ arreglo_enteros1 T_CORCHETE_CLAUSURA

	T_ENTERO	shift 126
	.	error

	arreglo_enteros1	goto 161

state 120:

	arreglo_identificadores : T_CORCHETE_APERTURA arreglo_identificadores1 _ T_CORCHETE_CLAUSURA
	arreglo_identificadores1 : arreglo_identificadores1 _ T_COMA T_IDENTIFICADOR

	T_CORCHETE_CLAUSURA	shift 162
	T_COMA	shift 163
	.	error

state 121:

	arreglo_identificadores1 : T_IDENTIFICADOR _	(21)

	.	reduce 21

state 122:

	definicion_columna1categoricos : T_OPERADOR_MENOR_QUE arreglo_identificadores1 _ T_OPERADOR_MAYOR_QUE
	arreglo_identificadores1 : arreglo_identificadores1 _ T_COMA T_IDENTIFICADOR

	T_COMA	shift 163
	T_OPERADOR_MAYOR_QUE	shift 164
	.	error

state 123:

	arreglo_reales1 : numero _	(26)

	.	reduce 26

state 124:

	definicion_columna1reales : T_OPERADOR_MENOR_QUE arreglo_reales1 _ T_OPERADOR_MAYOR_QUE
	arreglo_reales1 : arreglo_reales1 _ T_COMA numero

	T_COMA	shift 165
	T_OPERADOR_MAYOR_QUE	shift 166
	.	error

state 125:

	definicion_columna1enteros : T_OPERADOR_MENOR_QUE arreglo_enteros1 _ T_OPERADOR_MAYOR_QUE
	arreglo_enteros1 : arreglo_enteros1 _ T_COMA T_ENTERO

	T_COMA	shift 167
	T_OPERADOR_MAYOR_QUE	shift 168
	.	error

state 126:

	arreglo_enteros1 : T_ENTERO _	(29)

	.	reduce 29

state 127:

	opcion_procedimiento : T_OPCION opcion_procedimiento1 T_PUNTO_Y_COMA _	(135)

	.	reduce 135

state 128:

	opcion_procedimiento1 : T_CANTIDAD_EJECUCIONES T_ENTERO _	(136)

	.	reduce 136

state 129:

	opcion_procedimiento1 : T_ARCHIVO_SALIDA T_LITERAL_CADENAS _	(137)

	.	reduce 137

state 130:

	opcion_procedimiento1 : T_SEMILLA_GENERADOR_NUMEROS_ALEATORIOS T_ENTERO _	(138)

	.	reduce 138

state 131:

	opcion_procedimiento1 : T_OPCIONES_PROCEDIMIENTO_AJUSTE arreglo_literales_cadenas _	(139)

	.	reduce 139

state 132:

	arreglo_literales_cadenas : T_CORCHETE_APERTURA _ arreglo_literales_cadenas1 T_CORCHETE_CLAUSURA

	T_LITERAL_CADENAS	shift 170
	.	error

	arreglo_literales_cadenas1	goto 169

state 133:

	opcion_procedimiento1 : T_COMENTAR_VALORES_PARAMETROS T_BOOLEAN _	(140)

	.	reduce 140

state 134:

	opcion_procedimiento1 : T_ARCHIVO_RESUMEN_VEROSIMILITUD T_LITERAL_CADENAS _	(141)

	.	reduce 141

state 135:

	opcion_procedimiento1 : T_ARCHIVO_RESUMEN_BETA T_LITERAL_CADENAS _	(142)

	.	reduce 142

state 136:

	opcion_procedimiento1 : T_ARCHIVO_RESUMEN_THETA T_LITERAL_CADENAS _	(143)

	.	reduce 143

state 137:

	modelo : T_MODELO T_LITERAL_CADENAS T_LLAVE_APERTURA variables_clasificacion variable_dependiente efectos_fijos efectos_aleatorios lista_opciones_modelo _ T_LLAVE_CLAUSURA T_PUNTO_Y_COMA
	lista_opciones_modelo : lista_opciones_modelo _ opcion_modelo

	T_LLAVE_CLAUSURA	shift 172
	T_OPCION	shift 173
	.	error

	opcion_modelo	goto 171

state 138:

	efectos_aleatorios : T_EFECTOS_ALEATORIOS T_LLAVE_APERTURA _ lista_grupos_efectos_aleatorios efectos lista_opciones_efectos_aleatorios error1 T_LLAVE_CLAUSURA T_PUNTO_Y_COMA
	lista_grupos_efectos_aleatorios : _	(97)

	.	reduce 97

	lista_grupos_efectos_aleatorios	goto 174

state 139:

	efectos_fijos : T_EFECTOS_FIJOS T_LLAVE_APERTURA efectos _ lista_opciones_efectos_fijos T_LLAVE_CLAUSURA T_PUNTO_Y_COMA
	lista_opciones_efectos_fijos : _	(90)

	.	reduce 90

	lista_opciones_efectos_fijos	goto 175

state 140:

	efectos : T_EFECTOS _ lista_efectos T_PUNTO_Y_COMA

	T_IDENTIFICADOR	shift 181
	.	error

	T_INTERCEPTO	goto 176
	anidamiento	goto 177
	cruzamiento	goto 178
	efecto	goto 179
	lista_efectos	goto 180

state 141:

	expresion_booleana : expresion_booleana T_OPERADOR_CONJUNCION expresion_booleana _	(54)
	expresion_booleana : expresion_booleana _ T_OPERADOR_CONJUNCION expresion_booleana
	expresion_booleana : expresion_booleana _ T_OPERADOR_DISYUNCION expresion_booleana

	.	reduce 54

state 142:

	expresion_booleana : expresion_booleana T_OPERADOR_DISYUNCION expresion_booleana _	(55)
	expresion_booleana : expresion_booleana _ T_OPERADOR_CONJUNCION expresion_booleana
	expresion_booleana : expresion_booleana _ T_OPERADOR_DISYUNCION expresion_booleana

	T_OPERADOR_CONJUNCION	shift 97
	T_PARENTESIS_CLAUSURA	reduce 55
	T_PUNTO_Y_COMA	reduce 55
	T_OPERADOR_DISYUNCION	reduce 55
	.	error

state 143:

	expresion_real : funcion_real T_PARENTESIS_APERTURA parametros_funcion_real _ T_PARENTESIS_CLAUSURA
	parametros_funcion_real : parametros_funcion_real _ T_COMA expresion_real

	T_PARENTESIS_CLAUSURA	shift 182
	T_COMA	shift 183
	.	error

state 144:

	expresion_real : expresion_real _ T_MAS expresion_real
	expresion_real : expresion_real _ T_MENOS expresion_real
	expresion_real : expresion_real _ T_ASTERISCO expresion_real
	expresion_real : expresion_real _ T_BARRA_DERECHA expresion_real
	expresion_real : expresion_real _ T_CIRCUNFLEJO expresion_real
	parametros_funcion_real : expresion_real _	(52)

	T_ASTERISCO	shift 102
	T_MAS	shift 103
	T_MENOS	shift 104
	T_BARRA_DERECHA	shift 105
	T_CIRCUNFLEJO	shift 106
	T_PARENTESIS_CLAUSURA	reduce 52
	T_COMA	reduce 52
	.	error

state 145:

	expresion_booleana : expresion_real T_OPERADOR_MAYOR_IGUAL_QUE expresion_real _	(61)
	expresion_real : expresion_real _ T_MAS expresion_real
	expresion_real : expresion_real _ T_MENOS expresion_real
	expresion_real : expresion_real _ T_ASTERISCO expresion_real
	expresion_real : expresion_real _ T_BARRA_DERECHA expresion_real
	expresion_real : expresion_real _ T_CIRCUNFLEJO expresion_real

	T_ASTERISCO	shift 102
	T_MAS	shift 103
	T_MENOS	shift 104
	T_BARRA_DERECHA	shift 105
	T_CIRCUNFLEJO	shift 106
	T_PARENTESIS_CLAUSURA	reduce 61
	T_PUNTO_Y_COMA	reduce 61
	T_OPERADOR_CONJUNCION	reduce 61
	T_OPERADOR_DISYUNCION	reduce 61
	.	error

state 146:

	expresion_booleana : expresion_real T_OPERADOR_MENOR_IGUAL_QUE expresion_real _	(57)
	expresion_real : expresion_real _ T_MAS expresion_real
	expresion_real : expresion_real _ T_MENOS expresion_real
	expresion_real : expresion_real _ T_ASTERISCO expresion_real
	expresion_real : expresion_real _ T_BARRA_DERECHA expresion_real
	expresion_real : expresion_real _ T_CIRCUNFLEJO expresion_real

	T_ASTERISCO	shift 102
	T_MAS	shift 103
	T_MENOS	shift 104
	T_BARRA_DERECHA	shift 105
	T_CIRCUNFLEJO	shift 106
	T_PARENTESIS_CLAUSURA	reduce 57
	T_PUNTO_Y_COMA	reduce 57
	T_OPERADOR_CONJUNCION	reduce 57
	T_OPERADOR_DISYUNCION	reduce 57
	.	error

state 147:

	expresion_real : expresion_real T_ASTERISCO expresion_real _	(32)
	expresion_real : expresion_real _ T_MAS expresion_real
	expresion_real : expresion_real _ T_MENOS expresion_real
	expresion_real : expresion_real _ T_ASTERISCO expresion_real
	expresion_real : expresion_real _ T_BARRA_DERECHA expresion_real
	expresion_real : expresion_real _ T_CIRCUNFLEJO expresion_real

	.	reduce 32

state 148:

	expresion_real : expresion_real T_MAS expresion_real _	(30)
	expresion_real : expresion_real _ T_MAS expresion_real
	expresion_real : expresion_real _ T_MENOS expresion_real
	expresion_real : expresion_real _ T_ASTERISCO expresion_real
	expresion_real : expresion_real _ T_BARRA_DERECHA expresion_real
	expresion_real : expresion_real _ T_CIRCUNFLEJO expresion_real

	T_ASTERISCO	shift 102
	T_BARRA_DERECHA	shift 105
	T_CIRCUNFLEJO	shift 106
	T_PARENTESIS_CLAUSURA	reduce 30
	T_COMA	reduce 30
	T_PUNTO_Y_COMA	reduce 30
	T_MAS	reduce 30
	T_MENOS	reduce 30
	T_OPERADOR_CONJUNCION	reduce 30
	T_OPERADOR_DISYUNCION	reduce 30
	T_OPERADOR_MENOR_QUE	reduce 30
	T_OPERADOR_IGUAL	reduce 30
	T_OPERADOR_DISTINTO	reduce 30
	T_OPERADOR_MAYOR_QUE	reduce 30
	.	error

state 149:

	expresion_real : expresion_real T_MENOS expresion_real _	(31)
	expresion_real : expresion_real _ T_MAS expresion_real
	expresion_real : expresion_real _ T_MENOS expresion_real
	expresion_real : expresion_real _ T_ASTERISCO expresion_real
	expresion_real : expresion_real _ T_BARRA_DERECHA expresion_real
	expresion_real : expresion_real _ T_CIRCUNFLEJO expresion_real

	T_ASTERISCO	shift 102
	T_BARRA_DERECHA	shift 105
	T_CIRCUNFLEJO	shift 106
	T_PARENTESIS_CLAUSURA	reduce 31
	T_COMA	reduce 31
	T_PUNTO_Y_COMA	reduce 31
	T_MAS	reduce 31
	T_MENOS	reduce 31
	T_OPERADOR_CONJUNCION	reduce 31
	T_OPERADOR_DISYUNCION	reduce 31
	T_OPERADOR_MENOR_QUE	reduce 31
	T_OPERADOR_IGUAL	reduce 31
	T_OPERADOR_DISTINTO	reduce 31
	T_OPERADOR_MAYOR_QUE	reduce 31
	.	error

state 150:

	expresion_real : expresion_real T_BARRA_DERECHA expresion_real _	(33)
	expresion_real : expresion_real _ T_MAS expresion_real
	expresion_real : expresion_real _ T_MENOS expresion_real
	expresion_real : expresion_real _ T_ASTERISCO expresion_real
	expresion_real : expresion_real _ T_BARRA_DERECHA expresion_real
	expresion_real : expresion_real _ T_CIRCUNFLEJO expresion_real

	.	reduce 33

state 151:

	expresion_real : expresion_real T_CIRCUNFLEJO expresion_real _	(34)
	expresion_real : expresion_real _ T_MAS expresion_real
	expresion_real : expresion_real _ T_MENOS expresion_real
	expresion_real : expresion_real _ T_ASTERISCO expresion_real
	expresion_real : expresion_real _ T_BARRA_DERECHA expresion_real
	expresion_real : expresion_real _ T_CIRCUNFLEJO expresion_real

	.	reduce 34

state 152:

	expresion_booleana : expresion_real T_OPERADOR_MENOR_QUE expresion_real _	(56)
	expresion_real : expresion_real _ T_MAS expresion_real
	expresion_real : expresion_real _ T_MENOS expresion_real
	expresion_real : expresion_real _ T_ASTERISCO expresion_real
	expresion_real : expresion_real _ T_BARRA_DERECHA expresion_real
	expresion_real : expresion_real _ T_CIRCUNFLEJO expresion_real

	T_ASTERISCO	shift 102
	T_MAS	shift 103
	T_MENOS	shift 104
	T_BARRA_DERECHA	shift 105
	T_CIRCUNFLEJO	shift 106
	T_PARENTESIS_CLAUSURA	reduce 56
	T_PUNTO_Y_COMA	reduce 56
	T_OPERADOR_CONJUNCION	reduce 56
	T_OPERADOR_DISYUNCION	reduce 56
	.	error

state 153:

	expresion_booleana : expresion_real T_OPERADOR_IGUAL expresion_real _	(58)
	expresion_real : expresion_real _ T_MAS expresion_real
	expresion_real : expresion_real _ T_MENOS expresion_real
	expresion_real : expresion_real _ T_ASTERISCO expresion_real
	expresion_real : expresion_real _ T_BARRA_DERECHA expresion_real
	expresion_real : expresion_real _ T_CIRCUNFLEJO expresion_real

	T_ASTERISCO	shift 102
	T_MAS	shift 103
	T_MENOS	shift 104
	T_BARRA_DERECHA	shift 105
	T_CIRCUNFLEJO	shift 106
	T_PARENTESIS_CLAUSURA	reduce 58
	T_PUNTO_Y_COMA	reduce 58
	T_OPERADOR_CONJUNCION	reduce 58
	T_OPERADOR_DISYUNCION	reduce 58
	.	error

state 154:

	expresion_booleana : expresion_real T_OPERADOR_DISTINTO expresion_real _	(59)
	expresion_real : expresion_real _ T_MAS expresion_real
	expresion_real : expresion_real _ T_MENOS expresion_real
	expresion_real : expresion_real _ T_ASTERISCO expresion_real
	expresion_real : expresion_real _ T_BARRA_DERECHA expresion_real
	expresion_real : expresion_real _ T_CIRCUNFLEJO expresion_real

	T_ASTERISCO	shift 102
	T_MAS	shift 103
	T_MENOS	shift 104
	T_BARRA_DERECHA	shift 105
	T_CIRCUNFLEJO	shift 106
	T_PARENTESIS_CLAUSURA	reduce 59
	T_PUNTO_Y_COMA	reduce 59
	T_OPERADOR_CONJUNCION	reduce 59
	T_OPERADOR_DISYUNCION	reduce 59
	.	error

state 155:

	expresion_booleana : expresion_real T_OPERADOR_MAYOR_QUE expresion_real _	(60)
	expresion_real : expresion_real _ T_MAS expresion_real
	expresion_real : expresion_real _ T_MENOS expresion_real
	expresion_real : expresion_real _ T_ASTERISCO expresion_real
	expresion_real : expresion_real _ T_BARRA_DERECHA expresion_real
	expresion_real : expresion_real _ T_CIRCUNFLEJO expresion_real

	T_ASTERISCO	shift 102
	T_MAS	shift 103
	T_MENOS	shift 104
	T_BARRA_DERECHA	shift 105
	T_CIRCUNFLEJO	shift 106
	T_PARENTESIS_CLAUSURA	reduce 60
	T_PUNTO_Y_COMA	reduce 60
	T_OPERADOR_CONJUNCION	reduce 60
	T_OPERADOR_DISYUNCION	reduce 60
	.	error

state 156:

	expresion_real : T_PARENTESIS_APERTURA expresion_real T_PARENTESIS_CLAUSURA _	(35)

	.	reduce 35

state 157:

	expresion_real : T_SIMBOLO_VARIABLE_UNIFORME T_PARENTESIS_APERTURA numero _ T_COMA numero T_PARENTESIS_CLAUSURA

	T_COMA	shift 184
	.	error

state 158:

	expresion_real : T_SIMBOLO_VARIABLE_NORMAL T_PARENTESIS_APERTURA numero _ T_COMA numero T_PARENTESIS_CLAUSURA

	T_COMA	shift 185
	.	error

state 159:

	expresion_real : T_SIMBOLO_VARIABLE_EXPONENCIAL T_PARENTESIS_APERTURA numero _ T_PARENTESIS_CLAUSURA

	T_PARENTESIS_CLAUSURA	shift 186
	.	error

state 160:

	expresion_real : T_FUNCION_1SI T_PARENTESIS_APERTURA expresion_booleana _ T_PARENTESIS_CLAUSURA
	expresion_booleana : expresion_booleana _ T_OPERADOR_CONJUNCION expresion_booleana
	expresion_booleana : expresion_booleana _ T_OPERADOR_DISYUNCION expresion_booleana

	T_PARENTESIS_CLAUSURA	shift 187
	T_OPERADOR_CONJUNCION	shift 97
	T_OPERADOR_DISYUNCION	shift 98
	.	error

state 161:

	arreglo_enteros : T_CORCHETE_APERTURA arreglo_enteros1 _ T_CORCHETE_CLAUSURA
	arreglo_enteros1 : arreglo_enteros1 _ T_COMA T_ENTERO

	T_CORCHETE_CLAUSURA	shift 188
	T_COMA	shift 167
	.	error

state 162:

	arreglo_identificadores : T_CORCHETE_APERTURA arreglo_identificadores1 T_CORCHETE_CLAUSURA _	(19)

	.	reduce 19

state 163:

	arreglo_identificadores1 : arreglo_identificadores1 T_COMA _ T_IDENTIFICADOR

	T_IDENTIFICADOR	shift 189
	.	error

state 164:

	definicion_columna1categoricos : T_OPERADOR_MENOR_QUE arreglo_identificadores1 T_OPERADOR_MAYOR_QUE _	(12)

	.	reduce 12

state 165:

	arreglo_reales1 : arreglo_reales1 T_COMA _ numero

	T_ENTERO	shift 60
	T_REAL	shift 62
	.	error

	numero	goto 190

state 166:

	definicion_columna1reales : T_OPERADOR_MENOR_QUE arreglo_reales1 T_OPERADOR_MAYOR_QUE _	(16)

	.	reduce 16

state 167:

	arreglo_enteros1 : arreglo_enteros1 T_COMA _ T_ENTERO

	T_ENTERO	shift 191
	.	error

state 168:

	definicion_columna1enteros : T_OPERADOR_MENOR_QUE arreglo_enteros1 T_OPERADOR_MAYOR_QUE _	(18)

	.	reduce 18

state 169:

	arreglo_literales_cadenas : T_CORCHETE_APERTURA arreglo_literales_cadenas1 _ T_CORCHETE_CLAUSURA
	arreglo_literales_cadenas1 : arreglo_literales_cadenas1 _ T_COMA T_LITERAL_CADENAS

	T_CORCHETE_CLAUSURA	shift 192
	T_COMA	shift 193
	.	error

state 170:

	arreglo_literales_cadenas1 : T_LITERAL_CADENAS _	(145)

	.	reduce 145

state 171:

	lista_opciones_modelo : lista_opciones_modelo opcion_modelo _	(70)

	.	reduce 70

state 172:

	modelo : T_MODELO T_LITERAL_CADENAS T_LLAVE_APERTURA variables_clasificacion variable_dependiente efectos_fijos efectos_aleatorios lista_opciones_modelo T_LLAVE_CLAUSURA _ T_PUNTO_Y_COMA

	T_PUNTO_Y_COMA	shift 194
	.	error

state 173:

	opcion_modelo : T_OPCION _ opcion_modelo1 T_PUNTO_Y_COMA

	T_BETA	shift 196
	.	error

	opcion_modelo1	goto 195

state 174:

	efectos_aleatorios : T_EFECTOS_ALEATORIOS T_LLAVE_APERTURA lista_grupos_efectos_aleatorios _ efectos lista_opciones_efectos_aleatorios error1 T_LLAVE_CLAUSURA T_PUNTO_Y_COMA
	lista_grupos_efectos_aleatorios : lista_grupos_efectos_aleatorios _ grupo_efectos_aleatorios
	efectos : _	(78)

	T_EFECTOS	shift 140
	T_GRUPO	shift 199
	T_LLAVE_CLAUSURA	reduce 78
	T_OPCION	reduce 78
	T_ERROR	reduce 78
	.	error

	grupo_efectos_aleatorios	goto 197
	efectos	goto 198

state 175:

	efectos_fijos : T_EFECTOS_FIJOS T_LLAVE_APERTURA efectos lista_opciones_efectos_fijos _ T_LLAVE_CLAUSURA T_PUNTO_Y_COMA
	lista_opciones_efectos_fijos : lista_opciones_efectos_fijos _ opcion_efectos_fijos

	T_LLAVE_CLAUSURA	shift 201
	T_OPCION	shift 202
	.	error

	opcion_efectos_fijos	goto 200

state 176:

	efecto : T_INTERCEPTO _	(82)

	.	reduce 82

state 177:

	efecto : anidamiento _	(84)

	.	reduce 84

state 178:

	efecto : cruzamiento _	(83)
	anidamiento : cruzamiento _ T_PARENTESIS_APERTURA lista_efectos_anidados T_PARENTESIS_CLAUSURA

	T_PARENTESIS_APERTURA	shift 203
	T_PUNTO_Y_COMA	reduce 83
	T_IDENTIFICADOR	reduce 83
	.	error

state 179:

	lista_efectos : efecto _	(81)

	.	reduce 81

state 180:

	efectos : T_EFECTOS lista_efectos _ T_PUNTO_Y_COMA
	lista_efectos : lista_efectos _ efecto

	T_PUNTO_Y_COMA	shift 205
	T_IDENTIFICADOR	shift 181
	.	error

	T_INTERCEPTO	goto 176
	anidamiento	goto 177
	cruzamiento	goto 178
	efecto	goto 204

state 181:

	cruzamiento : T_IDENTIFICADOR _ T_ASTERISCO cruzamiento
	cruzamiento : T_IDENTIFICADOR _	(86)

	T_ASTERISCO	shift 206
	T_PARENTESIS_APERTURA	reduce 86
	T_PUNTO_Y_COMA	reduce 86
	T_IDENTIFICADOR	reduce 86
	.	error

state 182:

	expresion_real : funcion_real T_PARENTESIS_APERTURA parametros_funcion_real T_PARENTESIS_CLAUSURA _	(36)

	.	reduce 36

state 183:

	parametros_funcion_real : parametros_funcion_real T_COMA _ expresion_real

	T_PARENTESIS_APERTURA	shift 54
	T_SIMBOLO_VARIABLE_UNIFORME	shift 56
	T_SIMBOLO_VARIABLE_NORMAL	shift 57
	T_SIMBOLO_VARIABLE_EXPONENCIAL	shift 58
	T_FUNCION_1SI	shift 59
	T_ENTERO	shift 60
	T_SIMBOLO_VARIABLE	shift 61
	T_REAL	shift 62
	T_FUNCION_EXPONENCIAL	shift 64
	T_FUNCION_LOGARITMO_NATURAL	shift 65
	T_FUNCION_LOGARITMO_BASE_2	shift 66
	T_FUNCION_LOGARITMO_BASE_10	shift 67
	T_FUNCION_LOGARITMO	shift 68
	T_FUNCION_SENO	shift 69
	T_FUNCION_COSENO	shift 70
	T_FUNCION_TANGENTE	shift 71
	.	error

	numero	goto 50
	funcion_real	goto 52
	expresion_real	goto 207

state 184:

	expresion_real : T_SIMBOLO_VARIABLE_UNIFORME T_PARENTESIS_APERTURA numero T_COMA _ numero T_PARENTESIS_CLAUSURA

	T_ENTERO	shift 60
	T_REAL	shift 62
	.	error

	numero	goto 208

state 185:

	expresion_real : T_SIMBOLO_VARIABLE_NORMAL T_PARENTESIS_APERTURA numero T_COMA _ numero T_PARENTESIS_CLAUSURA

	T_ENTERO	shift 60
	T_REAL	shift 62
	.	error

	numero	goto 209

state 186:

	expresion_real : T_SIMBOLO_VARIABLE_EXPONENCIAL T_PARENTESIS_APERTURA numero T_PARENTESIS_CLAUSURA _	(40)

	.	reduce 40

state 187:

	expresion_real : T_FUNCION_1SI T_PARENTESIS_APERTURA expresion_booleana T_PARENTESIS_CLAUSURA _	(37)

	.	reduce 37

state 188:

	arreglo_enteros : T_CORCHETE_APERTURA arreglo_enteros1 T_CORCHETE_CLAUSURA _	(27)

	.	reduce 27

state 189:

	arreglo_identificadores1 : arreglo_identificadores1 T_COMA T_IDENTIFICADOR _	(20)

	.	reduce 20

state 190:

	arreglo_reales1 : arreglo_reales1 T_COMA numero _	(25)

	.	reduce 25

state 191:

	arreglo_enteros1 : arreglo_enteros1 T_COMA T_ENTERO _	(28)

	.	reduce 28

state 192:

	arreglo_literales_cadenas : T_CORCHETE_APERTURA arreglo_literales_cadenas1 T_CORCHETE_CLAUSURA _	(144)

	.	reduce 144

state 193:

	arreglo_literales_cadenas1 : arreglo_literales_cadenas1 T_COMA _ T_LITERAL_CADENAS

	T_LITERAL_CADENAS	shift 210
	.	error

state 194:

	modelo : T_MODELO T_LITERAL_CADENAS T_LLAVE_APERTURA variables_clasificacion variable_dependiente efectos_fijos efectos_aleatorios lista_opciones_modelo T_LLAVE_CLAUSURA T_PUNTO_Y_COMA _	(68)

	.	reduce 68

state 195:

	opcion_modelo : T_OPCION opcion_modelo1 _ T_PUNTO_Y_COMA

	T_PUNTO_Y_COMA	shift 211
	.	error

state 196:

	opcion_modelo1 : T_BETA _ opcion_modelo1_beta

	T_PARENTESIS_APERTURA	shift 54
	T_CORCHETE_APERTURA	shift 215
	T_SIMBOLO_VARIABLE_UNIFORME	shift 56
	T_SIMBOLO_VARIABLE_NORMAL	shift 57
	T_SIMBOLO_VARIABLE_EXPONENCIAL	shift 58
	T_FUNCION_1SI	shift 59
	T_ENTERO	shift 60
	T_SIMBOLO_VARIABLE	shift 61
	T_REAL	shift 62
	T_FUNCION_EXPONENCIAL	shift 64
	T_FUNCION_LOGARITMO_NATURAL	shift 65
	T_FUNCION_LOGARITMO_BASE_2	shift 66
	T_FUNCION_LOGARITMO_BASE_10	shift 67
	T_FUNCION_LOGARITMO	shift 68
	T_FUNCION_SENO	shift 69
	T_FUNCION_COSENO	shift 70
	T_FUNCION_TANGENTE	shift 71
	.	error

	numero	goto 50
	opcion_modelo1_beta	goto 212
	funcion_real	goto 52
	expresion_real	goto 213
	arreglo_reales	goto 214

state 197:

	lista_grupos_efectos_aleatorios : lista_grupos_efectos_aleatorios grupo_efectos_aleatorios _	(98)

	.	reduce 98

state 198:

	efectos_aleatorios : T_EFECTOS_ALEATORIOS T_LLAVE_APERTURA lista_grupos_efectos_aleatorios efectos _ lista_opciones_efectos_aleatorios error1 T_LLAVE_CLAUSURA T_PUNTO_Y_COMA
	lista_opciones_efectos_aleatorios : _	(100)

	.	reduce 100

	lista_opciones_efectos_aleatorios	goto 216

state 199:

	grupo_efectos_aleatorios : T_GRUPO _ T_LLAVE_APERTURA efectos lista_opciones_efectos_aleatorios T_LLAVE_CLAUSURA T_PUNTO_Y_COMA

	T_LLAVE_APERTURA	shift 217
	.	error

state 200:

	lista_opciones_efectos_fijos : lista_opciones_efectos_fijos opcion_efectos_fijos _	(91)

	.	reduce 91

state 201:

	efectos_fijos : T_EFECTOS_FIJOS T_LLAVE_APERTURA efectos lista_opciones_efectos_fijos T_LLAVE_CLAUSURA _ T_PUNTO_Y_COMA

	T_PUNTO_Y_COMA	shift 218
	.	error

state 202:

	opcion_efectos_fijos : T_OPCION _ opcion_efectos_fijos1 T_PUNTO_Y_COMA

	T_GENERAR_COLUMNAS_NULAS	shift 220
	T_INCLUIR_INTERCEPTO	shift 221
	.	error

	opcion_efectos_fijos1	goto 219

state 203:

	anidamiento : cruzamiento T_PARENTESIS_APERTURA _ lista_efectos_anidados T_PARENTESIS_CLAUSURA

	T_IDENTIFICADOR	shift 223
	.	error

	lista_efectos_anidados	goto 222

state 204:

	lista_efectos : lista_efectos efecto _	(80)

	.	reduce 80

state 205:

	efectos : T_EFECTOS lista_efectos T_PUNTO_Y_COMA _	(79)

	.	reduce 79

state 206:

	cruzamiento : T_IDENTIFICADOR T_ASTERISCO _ cruzamiento

	T_IDENTIFICADOR	shift 181
	.	error

	cruzamiento	goto 224

state 207:

	parametros_funcion_real : parametros_funcion_real T_COMA expresion_real _	(51)
	expresion_real : expresion_real _ T_MAS expresion_real
	expresion_real : expresion_real _ T_MENOS expresion_real
	expresion_real : expresion_real _ T_ASTERISCO expresion_real
	expresion_real : expresion_real _ T_BARRA_DERECHA expresion_real
	expresion_real : expresion_real _ T_CIRCUNFLEJO expresion_real

	T_ASTERISCO	shift 102
	T_MAS	shift 103
	T_MENOS	shift 104
	T_BARRA_DERECHA	shift 105
	T_CIRCUNFLEJO	shift 106
	T_PARENTESIS_CLAUSURA	reduce 51
	T_COMA	reduce 51
	.	error

state 208:

	expresion_real : T_SIMBOLO_VARIABLE_UNIFORME T_PARENTESIS_APERTURA numero T_COMA numero _ T_PARENTESIS_CLAUSURA

	T_PARENTESIS_CLAUSURA	shift 225
	.	error

state 209:

	expresion_real : T_SIMBOLO_VARIABLE_NORMAL T_PARENTESIS_APERTURA numero T_COMA numero _ T_PARENTESIS_CLAUSURA

	T_PARENTESIS_CLAUSURA	shift 226
	.	error

state 210:

	arreglo_literales_cadenas1 : arreglo_literales_cadenas1 T_COMA T_LITERAL_CADENAS _	(146)

	.	reduce 146

state 211:

	opcion_modelo : T_OPCION opcion_modelo1 T_PUNTO_Y_COMA _	(71)

	.	reduce 71

state 212:

	opcion_modelo1 : T_BETA opcion_modelo1_beta _	(72)

	.	reduce 72

state 213:

	expresion_real : expresion_real _ T_MAS expresion_real
	expresion_real : expresion_real _ T_MENOS expresion_real
	expresion_real : expresion_real _ T_ASTERISCO expresion_real
	expresion_real : expresion_real _ T_BARRA_DERECHA expresion_real
	expresion_real : expresion_real _ T_CIRCUNFLEJO expresion_real
	opcion_modelo1_beta : expresion_real _	(73)

	T_ASTERISCO	shift 102
	T_MAS	shift 103
	T_MENOS	shift 104
	T_BARRA_DERECHA	shift 105
	T_CIRCUNFLEJO	shift 106
	T_PUNTO_Y_COMA	reduce 73
	.	error

state 214:

	opcion_modelo1_beta : arreglo_reales _	(74)

	.	reduce 74

state 215:

	arreglo_reales : T_CORCHETE_APERTURA _ arreglo_reales1 T_CORCHETE_CLAUSURA

	T_ENTERO	shift 60
	T_REAL	shift 62
	.	error

	numero	goto 123
	arreglo_reales1	goto 227

state 216:

	efectos_aleatorios : T_EFECTOS_ALEATORIOS T_LLAVE_APERTURA lista_grupos_efectos_aleatorios efectos lista_opciones_efectos_aleatorios _ error1 T_LLAVE_CLAUSURA T_PUNTO_Y_COMA
	lista_opciones_efectos_aleatorios : lista_opciones_efectos_aleatorios _ opcion_efectos_aleatorios
	error1 : _	(122)

	T_OPCION	shift 230
	T_ERROR	shift 231
	T_LLAVE_CLAUSURA	reduce 122
	.	error

	error1	goto 228
	opcion_efectos_aleatorios	goto 229

state 217:

	grupo_efectos_aleatorios : T_GRUPO T_LLAVE_APERTURA _ efectos lista_opciones_efectos_aleatorios T_LLAVE_CLAUSURA T_PUNTO_Y_COMA
	efectos : _	(78)

	T_EFECTOS	shift 140
	T_LLAVE_CLAUSURA	reduce 78
	T_OPCION	reduce 78
	.	error

	efectos	goto 232

state 218:

	efectos_fijos : T_EFECTOS_FIJOS T_LLAVE_APERTURA efectos lista_opciones_efectos_fijos T_LLAVE_CLAUSURA T_PUNTO_Y_COMA _	(77)

	.	reduce 77

state 219:

	opcion_efectos_fijos : T_OPCION opcion_efectos_fijos1 _ T_PUNTO_Y_COMA

	T_PUNTO_Y_COMA	shift 233
	.	error

state 220:

	opcion_efectos_fijos1 : T_GENERAR_COLUMNAS_NULAS _ T_BOOLEAN

	T_BOOLEAN	shift 234
	.	error

state 221:

	opcion_efectos_fijos1 : T_INCLUIR_INTERCEPTO _ T_BOOLEAN

	T_BOOLEAN	shift 235
	.	error

state 222:

	anidamiento : cruzamiento T_PARENTESIS_APERTURA lista_efectos_anidados _ T_PARENTESIS_CLAUSURA
	lista_efectos_anidados : lista_efectos_anidados _ T_IDENTIFICADOR

	T_PARENTESIS_CLAUSURA	shift 236
	T_IDENTIFICADOR	shift 237
	.	error

state 223:

	lista_efectos_anidados : T_IDENTIFICADOR _	(89)

	.	reduce 89

state 224:

	cruzamiento : T_IDENTIFICADOR T_ASTERISCO cruzamiento _	(85)

	.	reduce 85

state 225:

	expresion_real : T_SIMBOLO_VARIABLE_UNIFORME T_PARENTESIS_APERTURA numero T_COMA numero T_PARENTESIS_CLAUSURA _	(38)

	.	reduce 38

state 226:

	expresion_real : T_SIMBOLO_VARIABLE_NORMAL T_PARENTESIS_APERTURA numero T_COMA numero T_PARENTESIS_CLAUSURA _	(39)

	.	reduce 39

state 227:

	arreglo_reales : T_CORCHETE_APERTURA arreglo_reales1 _ T_CORCHETE_CLAUSURA
	arreglo_reales1 : arreglo_reales1 _ T_COMA numero

	T_CORCHETE_CLAUSURA	shift 238
	T_COMA	shift 165
	.	error

state 228:

	efectos_aleatorios : T_EFECTOS_ALEATORIOS T_LLAVE_APERTURA lista_grupos_efectos_aleatorios efectos lista_opciones_efectos_aleatorios error1 _ T_LLAVE_CLAUSURA T_PUNTO_Y_COMA

	T_LLAVE_CLAUSURA	shift 239
	.	error

state 229:

	lista_opciones_efectos_aleatorios : lista_opciones_efectos_aleatorios opcion_efectos_aleatorios _	(101)

	.	reduce 101

state 230:

	opcion_efectos_aleatorios : T_OPCION _ opcion_efectos_aleatorios1 T_PUNTO_Y_COMA

	T_GENERAR_COLUMNAS_NULAS	shift 241
	T_INCLUIR_INTERCEPTO	shift 242
	T_CRITERIO_AGRUPAMIENTO_UNIDAD_EXPERIMENTAL	shift 243
	T_UNIDAD_EXPERIMENTAL	shift 244
	T_ESTRUCTURA	shift 245
	T_PARAMETROS	shift 246
	.	error

	opcion_efectos_aleatorios1	goto 240

state 231:

	error1 : T_ERROR _ T_LLAVE_APERTURA lista_opciones_error T_LLAVE_CLAUSURA T_PUNTO_Y_COMA

	T_LLAVE_APERTURA	shift 247
	.	error

state 232:

	grupo_efectos_aleatorios : T_GRUPO T_LLAVE_APERTURA efectos _ lista_opciones_efectos_aleatorios T_LLAVE_CLAUSURA T_PUNTO_Y_COMA
	lista_opciones_efectos_aleatorios : _	(100)

	.	reduce 100

	lista_opciones_efectos_aleatorios	goto 248

state 233:

	opcion_efectos_fijos : T_OPCION opcion_efectos_fijos1 T_PUNTO_Y_COMA _	(92)

	.	reduce 92

state 234:

	opcion_efectos_fijos1 : T_GENERAR_COLUMNAS_NULAS T_BOOLEAN _	(93)

	.	reduce 93

state 235:

	opcion_efectos_fijos1 : T_INCLUIR_INTERCEPTO T_BOOLEAN _	(94)

	.	reduce 94

state 236:

	anidamiento : cruzamiento T_PARENTESIS_APERTURA lista_efectos_anidados T_PARENTESIS_CLAUSURA _	(87)

	.	reduce 87

state 237:

	lista_efectos_anidados : lista_efectos_anidados T_IDENTIFICADOR _	(88)

	.	reduce 88

state 238:

	arreglo_reales : T_CORCHETE_APERTURA arreglo_reales1 T_CORCHETE_CLAUSURA _	(24)

	.	reduce 24

state 239:

	efectos_aleatorios : T_EFECTOS_ALEATORIOS T_LLAVE_APERTURA lista_grupos_efectos_aleatorios efectos lista_opciones_efectos_aleatorios error1 T_LLAVE_CLAUSURA _ T_PUNTO_Y_COMA

	T_PUNTO_Y_COMA	shift 249
	.	error

state 240:

	opcion_efectos_aleatorios : T_OPCION opcion_efectos_aleatorios1 _ T_PUNTO_Y_COMA

	T_PUNTO_Y_COMA	shift 250
	.	error

state 241:

	opcion_efectos_aleatorios1 : T_GENERAR_COLUMNAS_NULAS _ T_BOOLEAN

	T_BOOLEAN	shift 251
	.	error

state 242:

	opcion_efectos_aleatorios1 : T_INCLUIR_INTERCEPTO _ T_BOOLEAN

	T_BOOLEAN	shift 252
	.	error

state 243:

	opcion_efectos_aleatorios1 : T_CRITERIO_AGRUPAMIENTO_UNIDAD_EXPERIMENTAL _ efecto

	T_IDENTIFICADOR	shift 181
	.	error

	T_INTERCEPTO	goto 176
	anidamiento	goto 177
	cruzamiento	goto 178
	efecto	goto 253

state 244:

	opcion_efectos_aleatorios1 : T_UNIDAD_EXPERIMENTAL _ efecto

	T_IDENTIFICADOR	shift 181
	.	error

	T_INTERCEPTO	goto 176
	anidamiento	goto 177
	cruzamiento	goto 178
	efecto	goto 254

state 245:

	opcion_efectos_aleatorios1 : T_ESTRUCTURA _ estructura

	T_SIMETRIA_COMPUESTA	shift 256
	T_COMPONENTES_VARIANZA	shift 257
	T_GENERAL	shift 258
	T_DIAGONAL_HETEROGENEA	shift 259
	T_FACTOR_ANALYTIC	shift 260
	T_FACTOR_ANALYTIC_SIN_DIAGONAL	shift 261
	T_FACTOR_ANALYTIC_DIAGONAL_ESCALAR	shift 262
	T_BANDEADA	shift 263
	T_AUTOREGRESIVA	shift 264
	.	error

	estructura	goto 255

state 246:

	opcion_efectos_aleatorios1 : T_PARAMETROS _ lista_parametros

	T_ENTERO	shift 60
	T_REAL	shift 62
	.	error

	numero	goto 265
	lista_parametros	goto 266

state 247:

	error1 : T_ERROR T_LLAVE_APERTURA _ lista_opciones_error T_LLAVE_CLAUSURA T_PUNTO_Y_COMA
	lista_opciones_error : _	(124)

	.	reduce 124

	lista_opciones_error	goto 267

state 248:

	grupo_efectos_aleatorios : T_GRUPO T_LLAVE_APERTURA efectos lista_opciones_efectos_aleatorios _ T_LLAVE_CLAUSURA T_PUNTO_Y_COMA
	lista_opciones_efectos_aleatorios : lista_opciones_efectos_aleatorios _ opcion_efectos_aleatorios

	T_LLAVE_CLAUSURA	shift 268
	T_OPCION	shift 230
	.	error

	opcion_efectos_aleatorios	goto 229

state 249:

	efectos_aleatorios : T_EFECTOS_ALEATORIOS T_LLAVE_APERTURA lista_grupos_efectos_aleatorios efectos lista_opciones_efectos_aleatorios error1 T_LLAVE_CLAUSURA T_PUNTO_Y_COMA _	(96)

	.	reduce 96

state 250:

	opcion_efectos_aleatorios : T_OPCION opcion_efectos_aleatorios1 T_PUNTO_Y_COMA _	(102)

	.	reduce 102

state 251:

	opcion_efectos_aleatorios1 : T_GENERAR_COLUMNAS_NULAS T_BOOLEAN _	(103)

	.	reduce 103

state 252:

	opcion_efectos_aleatorios1 : T_INCLUIR_INTERCEPTO T_BOOLEAN _	(104)

	.	reduce 104

state 253:

	opcion_efectos_aleatorios1 : T_CRITERIO_AGRUPAMIENTO_UNIDAD_EXPERIMENTAL efecto _	(105)

	.	reduce 105

state 254:

	opcion_efectos_aleatorios1 : T_UNIDAD_EXPERIMENTAL efecto _	(106)

	.	reduce 106

state 255:

	opcion_efectos_aleatorios1 : T_ESTRUCTURA estructura _	(107)

	.	reduce 107

state 256:

	estructura : T_SIMETRIA_COMPUESTA _	(109)

	.	reduce 109

state 257:

	estructura : T_COMPONENTES_VARIANZA _	(110)

	.	reduce 110

state 258:

	estructura : T_GENERAL _	(111)

	.	reduce 111

state 259:

	estructura : T_DIAGONAL_HETEROGENEA _	(112)

	.	reduce 112

state 260:

	estructura : T_FACTOR_ANALYTIC _ orden
	orden : _	(118)

	T_PARENTESIS_APERTURA	shift 270
	T_PUNTO_Y_COMA	reduce 118
	.	error

	orden	goto 269

state 261:

	estructura : T_FACTOR_ANALYTIC_SIN_DIAGONAL _ orden
	orden : _	(118)

	T_PARENTESIS_APERTURA	shift 270
	T_PUNTO_Y_COMA	reduce 118
	.	error

	orden	goto 271

state 262:

	estructura : T_FACTOR_ANALYTIC_DIAGONAL_ESCALAR _ orden
	orden : _	(118)

	T_PARENTESIS_APERTURA	shift 270
	T_PUNTO_Y_COMA	reduce 118
	.	error

	orden	goto 272

state 263:

	estructura : T_BANDEADA _ orden
	orden : _	(118)

	T_PARENTESIS_APERTURA	shift 270
	T_PUNTO_Y_COMA	reduce 118
	.	error

	orden	goto 273

state 264:

	estructura : T_AUTOREGRESIVA _	(113)

	.	reduce 113

state 265:

	lista_parametros : numero _	(121)

	.	reduce 121

state 266:

	opcion_efectos_aleatorios1 : T_PARAMETROS lista_parametros _	(108)
	lista_parametros : lista_parametros _ numero

	T_ENTERO	shift 60
	T_REAL	shift 62
	T_PUNTO_Y_COMA	reduce 108
	.	error

	numero	goto 274

state 267:

	error1 : T_ERROR T_LLAVE_APERTURA lista_opciones_error _ T_LLAVE_CLAUSURA T_PUNTO_Y_COMA
	lista_opciones_error : lista_opciones_error _ opcion_error

	T_LLAVE_CLAUSURA	shift 276
	T_OPCION	shift 277
	.	error

	opcion_error	goto 275

state 268:

	grupo_efectos_aleatorios : T_GRUPO T_LLAVE_APERTURA efectos lista_opciones_efectos_aleatorios T_LLAVE_CLAUSURA _ T_PUNTO_Y_COMA

	T_PUNTO_Y_COMA	shift 278
	.	error

state 269:

	estructura : T_FACTOR_ANALYTIC orden _	(114)

	.	reduce 114

state 270:

	orden : T_PARENTESIS_APERTURA _ T_ENTERO T_PARENTESIS_CLAUSURA

	T_ENTERO	shift 279
	.	error

state 271:

	estructura : T_FACTOR_ANALYTIC_SIN_DIAGONAL orden _	(115)

	.	reduce 115

state 272:

	estructura : T_FACTOR_ANALYTIC_DIAGONAL_ESCALAR orden _	(116)

	.	reduce 116

state 273:

	estructura : T_BANDEADA orden _	(117)

	.	reduce 117

state 274:

	lista_parametros : lista_parametros numero _	(120)

	.	reduce 120

state 275:

	lista_opciones_error : lista_opciones_error opcion_error _	(125)

	.	reduce 125

state 276:

	error1 : T_ERROR T_LLAVE_APERTURA lista_opciones_error T_LLAVE_CLAUSURA _ T_PUNTO_Y_COMA

	T_PUNTO_Y_COMA	shift 280
	.	error

state 277:

	opcion_error : T_OPCION _ opcion_error1 T_PUNTO_Y_COMA

	T_CRITERIO_AGRUPAMIENTO_UNIDAD_EXPERIMENTAL	shift 282
	T_UNIDAD_EXPERIMENTAL	shift 283
	T_ESTRUCTURA	shift 284
	T_PARAMETROS	shift 285
	T_CRITERIO_ORDENAMIENTO	shift 286
	.	error

	opcion_error1	goto 281

state 278:

	grupo_efectos_aleatorios : T_GRUPO T_LLAVE_APERTURA efectos lista_opciones_efectos_aleatorios T_LLAVE_CLAUSURA T_PUNTO_Y_COMA _	(99)

	.	reduce 99

state 279:

	orden : T_PARENTESIS_APERTURA T_ENTERO _ T_PARENTESIS_CLAUSURA

	T_PARENTESIS_CLAUSURA	shift 287
	.	error

state 280:

	error1 : T_ERROR T_LLAVE_APERTURA lista_opciones_error T_LLAVE_CLAUSURA T_PUNTO_Y_COMA _	(123)

	.	reduce 123

state 281:

	opcion_error : T_OPCION opcion_error1 _ T_PUNTO_Y_COMA

	T_PUNTO_Y_COMA	shift 288
	.	error

state 282:

	opcion_error1 : T_CRITERIO_AGRUPAMIENTO_UNIDAD_EXPERIMENTAL _ efecto

	T_IDENTIFICADOR	shift 181
	.	error

	T_INTERCEPTO	goto 176
	anidamiento	goto 177
	cruzamiento	goto 178
	efecto	goto 289

state 283:

	opcion_error1 : T_UNIDAD_EXPERIMENTAL _ efecto

	T_IDENTIFICADOR	shift 181
	.	error

	T_INTERCEPTO	goto 176
	anidamiento	goto 177
	cruzamiento	goto 178
	efecto	goto 290

state 284:

	opcion_error1 : T_ESTRUCTURA _ estructura

	T_SIMETRIA_COMPUESTA	shift 256
	T_COMPONENTES_VARIANZA	shift 257
	T_GENERAL	shift 258
	T_DIAGONAL_HETEROGENEA	shift 259
	T_FACTOR_ANALYTIC	shift 260
	T_FACTOR_ANALYTIC_SIN_DIAGONAL	shift 261
	T_FACTOR_ANALYTIC_DIAGONAL_ESCALAR	shift 262
	T_BANDEADA	shift 263
	T_AUTOREGRESIVA	shift 264
	.	error

	estructura	goto 291

state 285:

	opcion_error1 : T_PARAMETROS _ lista_parametros

	T_ENTERO	shift 60
	T_REAL	shift 62
	.	error

	numero	goto 265
	lista_parametros	goto 292

state 286:

	opcion_error1 : T_CRITERIO_ORDENAMIENTO _ efecto

	T_IDENTIFICADOR	shift 181
	.	error

	T_INTERCEPTO	goto 176
	anidamiento	goto 177
	cruzamiento	goto 178
	efecto	goto 293

state 287:

	orden : T_PARENTESIS_APERTURA T_ENTERO T_PARENTESIS_CLAUSURA _	(119)

	.	reduce 119

state 288:

	opcion_error : T_OPCION opcion_error1 T_PUNTO_Y_COMA _	(126)

	.	reduce 126

state 289:

	opcion_error1 : T_CRITERIO_AGRUPAMIENTO_UNIDAD_EXPERIMENTAL efecto _	(128)

	.	reduce 128

state 290:

	opcion_error1 : T_UNIDAD_EXPERIMENTAL efecto _	(129)

	.	reduce 129

state 291:

	opcion_error1 : T_ESTRUCTURA estructura _	(130)

	.	reduce 130

state 292:

	opcion_error1 : T_PARAMETROS lista_parametros _	(131)
	lista_parametros : lista_parametros _ numero

	T_ENTERO	shift 60
	T_REAL	shift 62
	T_PUNTO_Y_COMA	reduce 131
	.	error

	numero	goto 274

state 293:

	opcion_error1 : T_CRITERIO_ORDENAMIENTO efecto _	(127)

	.	reduce 127

